<?xml version="1.0" encoding="UTF-8"?>
<!-- Generated by org.testng.reporters.JUnitXMLReporter -->
<testsuite ignored="0" hostname="DESKTOP-AP8LOSU" failures="0" tests="1" name="test1" time="0.098" errors="0" timestamp="2024-12-09T12:06:35 IST">
  <testcase classname="test.TestNGMultiBrowserDemo" name="@BeforeTest setup" time="-1.733726195492E9">
    <failure type="org.testng.TestNGException" message="
Parameter &amp;apos;BrowserName&amp;apos; is required by BeforeTest on method setup but has not been marked @Optional or defined
in C:\Users\vadiv\eclipse-workspace\SeleniumUdemy\testng2.xml">
      <![CDATA[org.testng.TestNGException: 
Parameter 'BrowserName' is required by BeforeTest on method setup but has not been marked @Optional or defined
in C:\Users\vadiv\eclipse-workspace\SeleniumUdemy\testng2.xml
... Removed 21 stack frames]]>
    </failure>
  </testcase> <!-- @BeforeTest setup -->
  <testcase classname="test.TestNGMultiBrowserDemo" name="@AfterTest tearDown" time="-1.733726195579E9">
    <skipped/>
  </testcase> <!-- @AfterTest tearDown -->
  <testcase classname="test.TestNGMultiBrowserDemo" name="test1" time="0.0">
    <skipped/>
  </testcase> <!-- test1 -->
</testsuite> <!-- test1 -->
